#
# There is insufficient memory for the Java Runtime Environment to continue.
# Native memory allocation (malloc) failed to allocate 376176 bytes for Chunk::new
# Possible reasons:
#   The system is out of physical RAM or swap space
#   In 32 bit mode, the process size limit was hit
# Possible solutions:
#   Reduce memory load on the system
#   Increase physical memory or swap space
#   Check if swap backing store is full
#   Use 64 bit Java on a 64 bit OS
#   Decrease Java heap size (-Xmx/-Xms)
#   Decrease number of Java threads
#   Decrease Java thread stack sizes (-Xss)
#   Set larger code cache with -XX:ReservedCodeCacheSize=
# This output file may be truncated or incomplete.
#
#  Out of Memory Error (allocation.cpp:390), pid=7644, tid=0x0000000000002084
#
# JRE version: Java(TM) SE Runtime Environment (8.0_144-b01) (build 1.8.0_144-b01)
# Java VM: Java HotSpot(TM) 64-Bit Server VM (25.144-b01 mixed mode windows-amd64 compressed oops)
# Failed to write core dump. Minidumps are not enabled by default on client versions of Windows
#

---------------  T H R E A D  ---------------

Current thread (0x0000000018cfe800):  JavaThread "C2 CompilerThread0" daemon [_thread_in_native, id=8324, stack(0x0000000019be0000,0x0000000019ce0000)]

Stack: [0x0000000019be0000,0x0000000019ce0000]
[error occurred during error reporting (printing stack bounds), id 0xc0000005]

Native frames: (J=compiled Java code, j=interpreted, Vv=VM code, C=native code)


Current CompileTask:
C2:11709175 28338       4       com.android.tools.r8.graph.DexAnnotation::compressSignature (165 bytes)


---------------  P R O C E S S  ---------------

Java Threads: ( => current thread )
  0x000000001b793800 JavaThread "ForkJoinPool.commonPool-worker-0" daemon [_thread_in_Java, id=6220, stack(0x0000000036cf0000,0x0000000036df0000)]
  0x000000001b792800 JavaThread "ForkJoinPool.commonPool-worker-1" daemon [_thread_blocked, id=14048, stack(0x0000000036bf0000,0x0000000036cf0000)]
  0x000000001b790000 JavaThread "Cache worker for Java compile cache (F:\android\styTool\.gradle\4.1\javaCompile)" [_thread_blocked, id=13024, stack(0x00000000368f0000,0x00000000369f0000)]
  0x000000001ef3d000 JavaThread "Task worker for ':'" [_thread_in_vm, id=11884, stack(0x00000000359f0000,0x0000000035af0000)]
  0x000000001ef33000 JavaThread "Cache worker for task history cache (F:\android\styTool\.gradle\4.1\taskHistory)" [_thread_blocked, id=12768, stack(0x00000000358f0000,0x00000000359f0000)]
  0x000000001ef3a000 JavaThread "Cache worker for file content cache (F:\android\styTool\.gradle\4.1\fileContent)" [_thread_blocked, id=11660, stack(0x00000000357f0000,0x00000000358f0000)]
  0x000000001ef32800 JavaThread "build operations Thread 2" [_thread_blocked, id=10764, stack(0x00000000356f0000,0x00000000357f0000)]
  0x000000001ef39000 JavaThread "build operations" [_thread_blocked, id=9800, stack(0x00000000355f0000,0x00000000356f0000)]
  0x000000001ef37800 JavaThread "Cache worker for Artifact transforms cache (C:\Users\lum\.gradle\caches\transforms-1)" [_thread_blocked, id=10788, stack(0x00000000354f0000,0x00000000355f0000)]
  0x000000001ef38800 JavaThread "Cache worker for file hash cache (F:\android\styTool\.gradle\4.1\fileHashes)" [_thread_blocked, id=13732, stack(0x00000000353f0000,0x00000000354f0000)]
  0x000000001ef37000 JavaThread "Asynchronous log dispatcher for DefaultDaemonConnection: socket connection from /127.0.0.1:60019 to /127.0.0.1:50774" [_thread_blocked, id=8144, stack(0x00000000351f0000,0x00000000352f0000)]
  0x000000001ef2f800 JavaThread "Daemon worker Thread 6" [_thread_blocked, id=4300, stack(0x00000000350f0000,0x00000000351f0000)]
  0x000000001ef36000 JavaThread "Cancel handler" [_thread_blocked, id=4596, stack(0x0000000034ff0000,0x00000000350f0000)]
  0x000000001ef2e800 JavaThread "Handler for socket connection from /127.0.0.1:60019 to /127.0.0.1:50774" [_thread_in_native, id=14032, stack(0x0000000034ef0000,0x0000000034ff0000)]
  0x000000001ef34000 JavaThread "Daemon Thread 6" [_thread_blocked, id=6016, stack(0x0000000034df0000,0x0000000034ef0000)]
  0x000000001ef31000 JavaThread "stdout" daemon [_thread_in_native, id=332, stack(0x00000000341f0000,0x00000000342f0000)]
  0x000000001ee84800 JavaThread "stderr" daemon [_thread_in_native, id=12588, stack(0x00000000340f0000,0x00000000341f0000)]
  0x000000001ef34800 JavaThread "Tasks limiter_4" daemon [_thread_blocked, id=6536, stack(0x0000000030ef0000,0x0000000030ff0000)]
  0x000000001ef35800 JavaThread "Tasks limiter_3" daemon [_thread_blocked, id=5104, stack(0x0000000030df0000,0x0000000030ef0000)]
  0x000000001d648800 JavaThread "Tasks limiter_2" daemon [_thread_blocked, id=8712, stack(0x0000000030cf0000,0x0000000030df0000)]
  0x000000001ee85000 JavaThread "Tasks limiter_1" daemon [_thread_blocked, id=12352, stack(0x0000000030bf0000,0x0000000030cf0000)]
  0x000000001b183000 JavaThread "Memory manager" [_thread_blocked, id=3192, stack(0x00000000201f0000,0x00000000202f0000)]
  0x000000001b181800 JavaThread "File lock request listener" [_thread_in_native, id=6464, stack(0x000000001de90000,0x000000001df90000)]
  0x000000001b180000 JavaThread "Cache worker for file hash cache (C:\Users\lum\.gradle\caches\4.1\fileHashes)" [_thread_blocked, id=6772, stack(0x000000001dd90000,0x000000001de90000)]
  0x000000001b262800 JavaThread "Daemon periodic checks" [_thread_blocked, id=5048, stack(0x000000001c2c0000,0x000000001c3c0000)]
  0x000000001b099800 JavaThread "Incoming local TCP Connector on port 60019" [_thread_in_native, id=11408, stack(0x000000001beb0000,0x000000001bfb0000)]
  0x000000001ac12000 JavaThread "Daemon health stats" [_thread_blocked, id=11780, stack(0x000000001bbb0000,0x000000001bcb0000)]
  0x0000000018d3d800 JavaThread "Service Thread" daemon [_thread_blocked, id=13256, stack(0x000000001a1e0000,0x000000001a2e0000)]
  0x0000000018d06800 JavaThread "C1 CompilerThread1" daemon [_thread_blocked, id=8572, stack(0x0000000019ce0000,0x0000000019de0000)]
=>0x0000000018cfe800 JavaThread "C2 CompilerThread0" daemon [_thread_in_native, id=8324, stack(0x0000000019be0000,0x0000000019ce0000)]
  0x0000000018cfd000 JavaThread "Attach Listener" daemon [_thread_blocked, id=13280, stack(0x0000000019ae0000,0x0000000019be0000)]
  0x0000000018cfc000 JavaThread "Signal Dispatcher" daemon [_thread_blocked, id=11284, stack(0x00000000199e0000,0x0000000019ae0000)]
  0x0000000018c88800 JavaThread "Finalizer" daemon [_thread_blocked, id=11076, stack(0x00000000198e0000,0x00000000199e0000)]
  0x000000000508c800 JavaThread "Reference Handler" daemon [_thread_blocked, id=5540, stack(0x00000000197e0000,0x00000000198e0000)]
  0x0000000004fa0800 JavaThread "main" [_thread_blocked, id=12260, stack(0x0000000004da0000,0x0000000004ea0000)]

Other Threads:
  0x0000000018c66000 VMThread [stack: 0x00000000196e0000,0x00000000197e0000] [id=5420]
  0x0000000019e26000 WatcherThread [stack: 0x000000001a2e0000,0x000000001a3e0000] [id=7836]

VM state:not at safepoint (normal execution)

VM Mutex/Monitor currently owned by a thread: None

Heap:
 PSYoungGen      total 481280K, used 187646K [0x00000000dd500000, 0x00000000ff880000, 0x0000000100000000)
  eden space 412160K, 44% used [0x00000000dd500000,0x00000000e89aace8,0x00000000f6780000)
  from space 69120K, 3% used [0x00000000fb500000,0x00000000fb794e50,0x00000000ff880000)
  to   space 74240K, 0% used [0x00000000f6780000,0x00000000f6780000,0x00000000fb000000)
 ParOldGen       total 323072K, used 205926K [0x0000000097e00000, 0x00000000ab980000, 0x00000000dd500000)
  object space 323072K, 63% used [0x0000000097e00000,0x00000000a4719b10,0x00000000ab980000)
 Metaspace       used 88415K, capacity 93374K, committed 96128K, reserved 1132544K
  class space    used 11144K, capacity 12227K, committed 12928K, reserved 1048576K

Card table byte_map: [0x0000000014460000,0x00000000147b0000] byte_map_base: 0x0000000013fa1000

Marking Bits: (ParMarkBitMap*) 0x000000006eb6d850
 Begin Bits: [0x0000000014be0000, 0x00000000165e8000)
 End Bits:   [0x00000000165e8000, 0x0000000017ff0000)

Polling page: 0x0000000002eb0000

CodeCache: size=245760Kb used=74300Kb max_used=75822Kb free=171459Kb
 bounds [0x00000000050a0000, 0x0000000009b50000, 0x00000000140a0000]
 total_blobs=20982 nmethods=20135 adapters=757
 compilation: enabled

Compilation events (10 events):
Event: 11708.984 Thread 0x0000000018cfe800 nmethod 28321 0x00000000098af290 code [0x00000000098af4c0, 0x00000000098b0ad0]
Event: 11708.984 Thread 0x0000000018cfe800 28326       4       java.util.stream.Sink$ChainedReference::cancellationRequested (10 bytes)
Event: 11708.984 Thread 0x0000000018cfe800 nmethod 28326 0x00000000065d4210 code [0x00000000065d4340, 0x00000000065d43b8]
Event: 11708.984 Thread 0x0000000018cfe800 28318       4       com.android.apkzlib.zip.ZipField::<init> (68 bytes)
Event: 11709.019 Thread 0x0000000018cfe800 nmethod 28318 0x0000000007bcd590 code [0x0000000007bcd820, 0x0000000007bcedb0]
Event: 11709.019 Thread 0x0000000018cfe800 28335       4       com.android.tools.r8.graph.DexString::encode (162 bytes)
Event: 11709.029 Thread 0x0000000018cfe800 nmethod 28335 0x00000000065ab350 code [0x00000000065ab4a0, 0x00000000065abc58]
Event: 11709.029 Thread 0x0000000018cfe800 28338       4       com.android.tools.r8.graph.DexAnnotation::compressSignature (165 bytes)
Event: 11709.056 Thread 0x0000000018d06800 28350       2       com.android.tools.r8.ir.conversion.IRBuilder::clearCanonicalizationMaps (26 bytes)
Event: 11709.056 Thread 0x0000000018d06800 nmethod 28350 0x0000000007ed31d0 code [0x0000000007ed3320, 0x0000000007ed34d0]

GC Heap History (10 events):
Event: 11686.169 GC heap before
{Heap before GC invocations=78 (full 8):
 PSYoungGen      total 521216K, used 474112K [0x00000000dd500000, 0x0000000100000000, 0x0000000100000000)
  eden space 474112K, 100% used [0x00000000dd500000,0x00000000fa400000,0x00000000fa400000)
  from space 47104K, 0% used [0x00000000fa400000,0x00000000fa400000,0x00000000fd200000)
  to   space 47104K, 0% used [0x00000000fd200000,0x00000000fd200000,0x0000000100000000)
 ParOldGen       total 323072K, used 179632K [0x0000000097e00000, 0x00000000ab980000, 0x00000000dd500000)
  object space 323072K, 55% used [0x0000000097e00000,0x00000000a2d6c260,0x00000000ab980000)
 Metaspace       used 88378K, capacity 93352K, committed 96128K, reserved 1132544K
  class space    used 11139K, capacity 12220K, committed 12928K, reserved 1048576K
Event: 11686.246 GC heap after
Heap after GC invocations=78 (full 8):
 PSYoungGen      total 444416K, used 10064K [0x00000000dd500000, 0x0000000100000000, 0x0000000100000000)
  eden space 397312K, 0% used [0x00000000dd500000,0x00000000dd500000,0x00000000f5900000)
  from space 47104K, 21% used [0x00000000fd200000,0x00000000fdbd42e8,0x0000000100000000)
  to   space 85504K, 0% used [0x00000000f5900000,0x00000000f5900000,0x00000000fac80000)
 ParOldGen       total 323072K, used 179632K [0x0000000097e00000, 0x00000000ab980000, 0x00000000dd500000)
  object space 323072K, 55% used [0x0000000097e00000,0x00000000a2d6c260,0x00000000ab980000)
 Metaspace       used 88378K, capacity 93352K, committed 96128K, reserved 1132544K
  class space    used 11139K, capacity 12220K, committed 12928K, reserved 1048576K
}
Event: 11691.048 GC heap before
{Heap before GC invocations=79 (full 8):
 PSYoungGen      total 444416K, used 407376K [0x00000000dd500000, 0x0000000100000000, 0x0000000100000000)
  eden space 397312K, 100% used [0x00000000dd500000,0x00000000f5900000,0x00000000f5900000)
  from space 47104K, 21% used [0x00000000fd200000,0x00000000fdbd42e8,0x0000000100000000)
  to   space 85504K, 0% used [0x00000000f5900000,0x00000000f5900000,0x00000000fac80000)
 ParOldGen       total 323072K, used 179632K [0x0000000097e00000, 0x00000000ab980000, 0x00000000dd500000)
  object space 323072K, 55% used [0x0000000097e00000,0x00000000a2d6c260,0x00000000ab980000)
 Metaspace       used 88386K, capacity 93352K, committed 96128K, reserved 1132544K
  class space    used 11140K, capacity 12220K, committed 12928K, reserved 1048576K
Event: 11691.112 GC heap after
Heap after GC invocations=79 (full 8):
 PSYoungGen      total 482816K, used 10672K [0x00000000dd500000, 0x0000000100000000, 0x0000000100000000)
  eden space 397312K, 0% used [0x00000000dd500000,0x00000000dd500000,0x00000000f5900000)
  from space 85504K, 12% used [0x00000000f5900000,0x00000000f636c010,0x00000000fac80000)
  to   space 81920K, 0% used [0x00000000fb000000,0x00000000fb000000,0x0000000100000000)
 ParOldGen       total 323072K, used 186161K [0x0000000097e00000, 0x00000000ab980000, 0x00000000dd500000)
  object space 323072K, 57% used [0x0000000097e00000,0x00000000a33cc548,0x00000000ab980000)
 Metaspace       used 88386K, capacity 93352K, committed 96128K, reserved 1132544K
  class space    used 11140K, capacity 12220K, committed 12928K, reserved 1048576K
}
Event: 11691.979 GC heap before
{Heap before GC invocations=80 (full 8):
 PSYoungGen      total 482816K, used 407984K [0x00000000dd500000, 0x0000000100000000, 0x0000000100000000)
  eden space 397312K, 100% used [0x00000000dd500000,0x00000000f5900000,0x00000000f5900000)
  from space 85504K, 12% used [0x00000000f5900000,0x00000000f636c010,0x00000000fac80000)
  to   space 81920K, 0% used [0x00000000fb000000,0x00000000fb000000,0x0000000100000000)
 ParOldGen       total 323072K, used 186161K [0x0000000097e00000, 0x00000000ab980000, 0x00000000dd500000)
  object space 323072K, 57% used [0x0000000097e00000,0x00000000a33cc548,0x00000000ab980000)
 Metaspace       used 88388K, capacity 93352K, committed 96128K, reserved 1132544K
  class space    used 11140K, capacity 12220K, committed 12928K, reserved 1048576K
Event: 11692.022 GC heap after
Heap after GC invocations=80 (full 8):
 PSYoungGen      total 474112K, used 5504K [0x00000000dd500000, 0x00000000ff780000, 0x0000000100000000)
  eden space 400896K, 0% used [0x00000000dd500000,0x00000000dd500000,0x00000000f5c80000)
  from space 73216K, 7% used [0x00000000fb000000,0x00000000fb560000,0x00000000ff780000)
  to   space 79360K, 0% used [0x00000000f5c80000,0x00000000f5c80000,0x00000000faa00000)
 ParOldGen       total 323072K, used 194270K [0x0000000097e00000, 0x00000000ab980000, 0x00000000dd500000)
  object space 323072K, 60% used [0x0000000097e00000,0x00000000a3bb7b10,0x00000000ab980000)
 Metaspace       used 88388K, capacity 93352K, committed 96128K, reserved 1132544K
  class space    used 11140K, capacity 12220K, committed 12928K, reserved 1048576K
}
Event: 11693.113 GC heap before
{Heap before GC invocations=81 (full 8):
 PSYoungGen      total 474112K, used 406400K [0x00000000dd500000, 0x00000000ff780000, 0x0000000100000000)
  eden space 400896K, 100% used [0x00000000dd500000,0x00000000f5c80000,0x00000000f5c80000)
  from space 73216K, 7% used [0x00000000fb000000,0x00000000fb560000,0x00000000ff780000)
  to   space 79360K, 0% used [0x00000000f5c80000,0x00000000f5c80000,0x00000000faa00000)
 ParOldGen       total 323072K, used 194270K [0x0000000097e00000, 0x00000000ab980000, 0x00000000dd500000)
  object space 323072K, 60% used [0x0000000097e00000,0x00000000a3bb7b10,0x00000000ab980000)
 Metaspace       used 88390K, capacity 93352K, committed 96128K, reserved 1132544K
  class space    used 11140K, capacity 12220K, committed 12928K, reserved 1048576K
Event: 11693.152 GC heap after
Heap after GC invocations=81 (full 8):
 PSYoungGen      total 480256K, used 6144K [0x00000000dd500000, 0x0000000100000000, 0x0000000100000000)
  eden space 400896K, 0% used [0x00000000dd500000,0x00000000dd500000,0x00000000f5c80000)
  from space 79360K, 7% used [0x00000000f5c80000,0x00000000f6280000,0x00000000faa00000)
  to   space 76800K, 0% used [0x00000000fb500000,0x00000000fb500000,0x0000000100000000)
 ParOldGen       total 323072K, used 199766K [0x0000000097e00000, 0x00000000ab980000, 0x00000000dd500000)
  object space 323072K, 61% used [0x0000000097e00000,0x00000000a4115b10,0x00000000ab980000)
 Metaspace       used 88390K, capacity 93352K, committed 96128K, reserved 1132544K
  class space    used 11140K, capacity 12220K, committed 12928K, reserved 1048576K
}
Event: 11708.468 GC heap before
{Heap before GC invocations=82 (full 8):
 PSYoungGen      total 480256K, used 407040K [0x00000000dd500000, 0x0000000100000000, 0x0000000100000000)
  eden space 400896K, 100% used [0x00000000dd500000,0x00000000f5c80000,0x00000000f5c80000)
  from space 79360K, 7% used [0x00000000f5c80000,0x00000000f6280000,0x00000000faa00000)
  to   space 76800K, 0% used [0x00000000fb500000,0x00000000fb500000,0x0000000100000000)
 ParOldGen       total 323072K, used 199766K [0x0000000097e00000, 0x00000000ab980000, 0x00000000dd500000)
  object space 323072K, 61% used [0x0000000097e00000,0x00000000a4115b10,0x00000000ab980000)
 Metaspace       used 88412K, capacity 93374K, committed 96128K, reserved 1132544K
  class space    used 11144K, capacity 12227K, committed 12928K, reserved 1048576K
Event: 11708.521 GC heap after
Heap after GC invocations=82 (full 8):
 PSYoungGen      total 481280K, used 2643K [0x00000000dd500000, 0x00000000ff880000, 0x0000000100000000)
  eden space 412160K, 0% used [0x00000000dd500000,0x00000000dd500000,0x00000000f6780000)
  from space 69120K, 3% used [0x00000000fb500000,0x00000000fb794e50,0x00000000ff880000)
  to   space 74240K, 0% used [0x00000000f6780000,0x00000000f6780000,0x00000000fb000000)
 ParOldGen       total 323072K, used 205926K [0x0000000097e00000, 0x00000000ab980000, 0x00000000dd500000)
  object space 323072K, 63% used [0x0000000097e00000,0x00000000a4719b10,0x00000000ab980000)
 Metaspace       used 88412K, capacity 93374K, committed 96128K, reserved 1132544K
  class space    used 11144K, capacity 12227K, committed 12928K, reserved 1048576K
}

Deoptimization events (10 events):
Event: 11706.386 Thread 0x000000001ef3d000 Uncommon trap: reason=class_check action=maybe_recompile pc=0x0000000009b231f0 method=com.sun.org.apache.xerces.internal.dom.ElementImpl.getAttribute(Ljava/lang/String;)Ljava/lang/String; @ 32
Event: 11706.386 Thread 0x000000001ef3d000 Uncommon trap: reason=class_check action=maybe_recompile pc=0x0000000009b231f0 method=com.sun.org.apache.xerces.internal.dom.ElementImpl.getAttribute(Ljava/lang/String;)Ljava/lang/String; @ 32
Event: 11706.387 Thread 0x000000001ef3d000 Uncommon trap: reason=class_check action=maybe_recompile pc=0x0000000009b231f0 method=com.sun.org.apache.xerces.internal.dom.ElementImpl.getAttribute(Ljava/lang/String;)Ljava/lang/String; @ 32
Event: 11706.387 Thread 0x000000001ef3d000 Uncommon trap: reason=class_check action=maybe_recompile pc=0x00000000082b3754 method=com.sun.org.apache.xerces.internal.dom.ElementImpl.getAttribute(Ljava/lang/String;)Ljava/lang/String; @ 32
Event: 11706.593 Thread 0x000000001ef3d000 Uncommon trap: reason=null_check action=make_not_entrant pc=0x00000000078ac790 method=com.sun.org.apache.xerces.internal.dom.ElementImpl.getAttribute(Ljava/lang/String;)Ljava/lang/String; @ 32
Event: 11707.343 Thread 0x000000001ef3d000 Uncommon trap: reason=class_check action=maybe_recompile pc=0x0000000008cd881c method=java.lang.Character.digit(II)I @ 6
Event: 11707.368 Thread 0x000000001ef3d000 Uncommon trap: reason=class_check action=maybe_recompile pc=0x0000000008cd881c method=java.lang.Character.digit(II)I @ 6
Event: 11707.532 Thread 0x000000001ef3d000 Uncommon trap: reason=class_check action=maybe_recompile pc=0x0000000008cd881c method=java.lang.Character.digit(II)I @ 6
Event: 11707.553 Thread 0x000000001ef3d000 Uncommon trap: reason=class_check action=maybe_recompile pc=0x0000000008cd881c method=java.lang.Character.digit(II)I @ 6
Event: 11708.209 Thread 0x000000001ef3d000 Uncommon trap: reason=speculate_class_check action=maybe_recompile pc=0x0000000008cce6ac method=java.util.zip.ZipInputStream.closeEntry()V @ 15

Internal exceptions (10 events):
Event: 11611.685 Thread 0x000000001ef2f800 Implicit null exception at 0x000000000751d229 to 0x000000000751d4e9
Event: 11611.686 Thread 0x000000001ef2f800 Implicit null exception at 0x00000000070f4664 to 0x00000000070f4965
Event: 11611.833 Thread 0x000000001ef2f800 Exception <a 'sun/nio/fs/WindowsException'> (0x00000000e32c7e20) thrown at [C:\re\workspace\8-2-build-windows-amd64-cygwin\jdk8u144\9417\hotspot\src\share\vm\prims\jni.cpp, line 709]
Event: 11612.800 Thread 0x000000001ef2f800 Exception <a 'sun/nio/fs/WindowsException'> (0x00000000e357a7a8) thrown at [C:\re\workspace\8-2-build-windows-amd64-cygwin\jdk8u144\9417\hotspot\src\share\vm\prims\jni.cpp, line 709]
Event: 11612.808 Thread 0x000000001ef2f800 Exception <a 'sun/nio/fs/WindowsException'> (0x00000000e357b558) thrown at [C:\re\workspace\8-2-build-windows-amd64-cygwin\jdk8u144\9417\hotspot\src\share\vm\prims\jni.cpp, line 709]
Event: 11651.071 Thread 0x000000001ef3d000 Implicit null exception at 0x0000000007a8f343 to 0x0000000007a8f5bd
Event: 11659.225 Thread 0x000000001ef3d000 Implicit null exception at 0x00000000082c9862 to 0x00000000082ca315
Event: 11682.267 Thread 0x000000001d648800 Implicit null exception at 0x0000000008880c15 to 0x0000000008881379
Event: 11705.813 Thread 0x000000001ef3d000 Implicit null exception at 0x0000000008c90db4 to 0x0000000008c97c11
Event: 11708.988 Thread 0x000000001b792800 Exception <a 'java/lang/OutOfMemoryError'> (0x00000000e3ce1c18) thrown at [C:\re\workspace\8-2-build-windows-amd64-cygwin\jdk8u144\9417\hotspot\src\share\vm\prims\jni.cpp, line 735]

Events (10 events):
Event: 11708.394 loading class com/android/build/gradle/internal/pipeline/TransformStream
Event: 11708.394 loading class com/android/build/gradle/internal/pipeline/TransformStream done
Event: 11708.398 loading class com/android/build/gradle/internal/pipeline/ImmutableTransformInput
Event: 11708.398 loading class com/android/build/gradle/internal/pipeline/ImmutableTransformInput done
Event: 11708.398 loading class com/android/build/gradle/internal/pipeline/IncrementalTransformInput
Event: 11708.398 loading class com/android/build/gradle/internal/pipeline/IncrementalTransformInput done
Event: 11708.450 Thread 0x000000001b792800 Thread added: 0x000000001b792800
Event: 11708.450 Thread 0x000000001b793800 Thread added: 0x000000001b793800
Event: 11708.467 Executing VM operation: ParallelGCFailedAllocation
Event: 11708.521 Executing VM operation: ParallelGCFailedAllocation done


Dynamic libraries:
0x00007ff7d27e0000 - 0x00007ff7d2817000 	C:\Program Files\Java\jdk1.8.0_144\bin\java.exe
0x00007fffdd790000 - 0x00007fffdd970000 	C:\WINDOWS\SYSTEM32\ntdll.dll
0x00007fffdc320000 - 0x00007fffdc3ce000 	C:\WINDOWS\System32\KERNEL32.DLL
0x00007fffd9d40000 - 0x00007fffd9fa6000 	C:\WINDOWS\System32\KERNELBASE.dll
0x00007fffdad80000 - 0x00007fffdae21000 	C:\WINDOWS\System32\ADVAPI32.dll
0x00007fffdd6b0000 - 0x00007fffdd74d000 	C:\WINDOWS\System32\msvcrt.dll
0x00007fffdcf50000 - 0x00007fffdcfab000 	C:\WINDOWS\System32\sechost.dll
0x00007fffdac60000 - 0x00007fffdad7f000 	C:\WINDOWS\System32\RPCRT4.dll
0x00007fffdc3d0000 - 0x00007fffdc55f000 	C:\WINDOWS\System32\USER32.dll
0x00007fffdaa20000 - 0x00007fffdaa40000 	C:\WINDOWS\System32\win32u.dll
0x00007fffdcc70000 - 0x00007fffdcc98000 	C:\WINDOWS\System32\GDI32.dll
0x00007fffd9fb0000 - 0x00007fffda144000 	C:\WINDOWS\System32\gdi32full.dll
0x00007fffda980000 - 0x00007fffdaa1b000 	C:\WINDOWS\System32\msvcp_win.dll
0x00007fffd9b90000 - 0x00007fffd9c86000 	C:\WINDOWS\System32\ucrtbase.dll
0x00007fffcf9b0000 - 0x00007fffcfc19000 	C:\WINDOWS\WinSxS\amd64_microsoft.windows.common-controls_6595b64144ccf1df_6.0.16299.64_none_cc9304e22215ca8f\COMCTL32.dll
0x00007fffdc560000 - 0x00007fffdc868000 	C:\WINDOWS\System32\combase.dll
0x00007fffda150000 - 0x00007fffda1c2000 	C:\WINDOWS\System32\bcryptPrimitives.dll
0x00007fffdcad0000 - 0x00007fffdcafd000 	C:\WINDOWS\System32\IMM32.DLL
0x000000006ebf0000 - 0x000000006ecc2000 	C:\Program Files\Java\jdk1.8.0_144\jre\bin\msvcr100.dll
0x000000006e350000 - 0x000000006ebed000 	C:\Program Files\Java\jdk1.8.0_144\jre\bin\server\jvm.dll
0x00007fffdd6a0000 - 0x00007fffdd6a8000 	C:\WINDOWS\System32\PSAPI.DLL
0x00007fffd0430000 - 0x00007fffd0439000 	C:\WINDOWS\SYSTEM32\WSOCK32.dll
0x00007fffdc870000 - 0x00007fffdc8dc000 	C:\WINDOWS\System32\WS2_32.dll
0x00007fffd7e30000 - 0x00007fffd7e53000 	C:\WINDOWS\SYSTEM32\WINMM.dll
0x00007fffd5a70000 - 0x00007fffd5a7a000 	C:\WINDOWS\SYSTEM32\VERSION.dll
0x00007fffd6b60000 - 0x00007fffd6b8a000 	C:\WINDOWS\SYSTEM32\WINMMBASE.dll
0x00007fffdac10000 - 0x00007fffdac5a000 	C:\WINDOWS\System32\cfgmgr32.dll
0x000000006e340000 - 0x000000006e34f000 	C:\Program Files\Java\jdk1.8.0_144\jre\bin\verify.dll
0x000000006e310000 - 0x000000006e339000 	C:\Program Files\Java\jdk1.8.0_144\jre\bin\java.dll
0x000000006e2f0000 - 0x000000006e306000 	C:\Program Files\Java\jdk1.8.0_144\jre\bin\zip.dll
0x00007fffdaee0000 - 0x00007fffdc317000 	C:\WINDOWS\System32\SHELL32.dll
0x00007fffdae30000 - 0x00007fffdaed6000 	C:\WINDOWS\System32\shcore.dll
0x00007fffda230000 - 0x00007fffda977000 	C:\WINDOWS\System32\windows.storage.dll
0x00007fffdd510000 - 0x00007fffdd561000 	C:\WINDOWS\System32\shlwapi.dll
0x00007fffd9b70000 - 0x00007fffd9b81000 	C:\WINDOWS\System32\kernel.appcore.dll
0x00007fffd9ae0000 - 0x00007fffd9b2c000 	C:\WINDOWS\System32\powrprof.dll
0x00007fffd9b30000 - 0x00007fffd9b4b000 	C:\WINDOWS\System32\profapi.dll
0x000000006e2d0000 - 0x000000006e2ea000 	C:\Program Files\Java\jdk1.8.0_144\jre\bin\net.dll
0x00007fffd9370000 - 0x00007fffd93d6000 	C:\WINDOWS\system32\mswsock.dll
0x000000006e2b0000 - 0x000000006e2c1000 	C:\Program Files\Java\jdk1.8.0_144\jre\bin\nio.dll
0x00007fffd3d50000 - 0x00007fffd3d6e000 	C:\Users\lum\.gradle\native\25\windows-amd64\native-platform.dll
0x000000006e2a0000 - 0x000000006e2ad000 	C:\Program Files\Java\jdk1.8.0_144\jre\bin\management.dll
0x00007fffd9530000 - 0x00007fffd9547000 	C:\WINDOWS\SYSTEM32\CRYPTSP.dll
0x00007fffd8f80000 - 0x00007fffd8fb3000 	C:\WINDOWS\system32\rsaenh.dll
0x00007fffd9640000 - 0x00007fffd9665000 	C:\WINDOWS\SYSTEM32\bcrypt.dll
0x00007fffd9a10000 - 0x00007fffd9a39000 	C:\WINDOWS\SYSTEM32\USERENV.dll
0x00007fffd9550000 - 0x00007fffd955b000 	C:\WINDOWS\SYSTEM32\CRYPTBASE.dll
0x00007fffd9100000 - 0x00007fffd9139000 	C:\WINDOWS\SYSTEM32\IPHLPAPI.DLL
0x00007fffdccc0000 - 0x00007fffdccc8000 	C:\WINDOWS\System32\NSI.dll
0x00007fffd2030000 - 0x00007fffd2046000 	C:\WINDOWS\SYSTEM32\dhcpcsvc6.DLL
0x00007fffd2010000 - 0x00007fffd202a000 	C:\WINDOWS\SYSTEM32\dhcpcsvc.DLL
0x00007fffd8c20000 - 0x00007fffd8c51000 	C:\WINDOWS\SYSTEM32\ntmarta.dll

VM Arguments:
jvm_args: -Xmx1666m -Dfile.encoding=GBK -Duser.country=CN -Duser.language=zh -Duser.variant 
java_command: org.gradle.launcher.daemon.bootstrap.GradleDaemon 4.1
java_class_path (initial): C:\Users\lum\.gradle\wrapper\dists\gradle-4.1-all\bzyivzo6n839fup2jbap0tjew\gradle-4.1\lib\gradle-launcher-4.1.jar
Launcher Type: SUN_STANDARD

Environment Variables:
JAVA_HOME=C:\Program Files\Java\jdk1.8.0_144
CLASSPATH=C:\Program Files\Java\jdk1.8.0_144\lib
PATH=C:\ProgramData\Oracle\Java\javapath;C:\WINDOWS\system32;C:\WINDOWS;C:\WINDOWS\System32\Wbem;C:\WINDOWS\System32\WindowsPowerShell\v1.0\;C:\Program Files\Java\jdk1.8.0_144\bin;C:\Users\lum\AppData\Local\Microsoft\WindowsApps;C:\Program Files\Bandizip\;
USERNAME=lum
OS=Windows_NT
PROCESSOR_IDENTIFIER=AMD64 Family 16 Model 6 Stepping 2, AuthenticAMD



---------------  S Y S T E M  ---------------

OS: Windows 10.0 , 64 bit Build 16299 (10.0.16299.15)

CPU:total 2 (initial active 2) (2 cores per cpu, 1 threads per core) family 16 model 6 stepping 2, cmov, cx8, fxsr, mmx, sse, sse2, sse3, popcnt, mmxext, 3dnowpref, lzcnt, sse4a, tsc, tscinvbit, tscinv

Memory: 4k page, physical 4193652k(383416k free), swap 8155988k(28k free)

vm_info: Java HotSpot(TM) 64-Bit Server VM (25.144-b01) for windows-amd64 JRE (1.8.0_144-b01), built on Jul 21 2017 21:57:33 by "java_re" with MS VC++ 10.0 (VS2010)

time: Tue Dec 05 00:03:18 2017
elapsed time: 11709 seconds (0d 3h 15m 9s)

